Flow report for circuito
Tue Oct 01 14:18:28 2024
Quartus II 64-Bit Version 13.0.1 Build 232 06/12/2013 Service Pack 1 SJ Web Edition


---------------------
; Table of Contents ;
---------------------
  1. Legal Notice
  2. Flow Summary
  3. Flow Settings
  4. Flow Non-Default Global Settings
  5. Flow Elapsed Time
  6. Flow OS Summary
  7. Flow Log
  8. Flow Messages
  9. Flow Suppressed Messages



----------------
; Legal Notice ;
----------------
Copyright (C) 1991-2013 Altera Corporation
Your use of Altera Corporation's design tools, logic functions 
and other software and tools, and its AMPP partner logic 
functions, and any output files from any of the foregoing 
(including device programming or simulation files), and any 
associated documentation or information are expressly subject 
to the terms and conditions of the Altera Program License 
Subscription Agreement, Altera MegaCore Function License 
Agreement, or other applicable license agreement, including, 
without limitation, that your use is for the sole purpose of 
programming logic devices manufactured by Altera and sold by 
Altera or its authorized distributors.  Please refer to the 
applicable agreement for further details.



+--------------------------------------------------------------------------------------+
; Flow Summary                                                                         ;
+------------------------------------+-------------------------------------------------+
; Flow Status                        ; Successful - Tue Oct 01 14:18:28 2024           ;
; Quartus II 64-Bit Version          ; 13.0.1 Build 232 06/12/2013 SP 1 SJ Web Edition ;
; Revision Name                      ; circuito                                        ;
; Top-level Entity Name              ; circuito                                        ;
; Family                             ; Cyclone II                                      ;
; Total logic elements               ; 2 / 4,608 ( < 1 % )                             ;
;     Total combinational functions  ; 2 / 4,608 ( < 1 % )                             ;
;     Dedicated logic registers      ; 0 / 4,608 ( 0 % )                               ;
; Total registers                    ; 0                                               ;
; Total pins                         ; 5 / 89 ( 6 % )                                  ;
; Total virtual pins                 ; 0                                               ;
; Total memory bits                  ; 0 / 119,808 ( 0 % )                             ;
; Embedded Multiplier 9-bit elements ; 0 / 26 ( 0 % )                                  ;
; Total PLLs                         ; 0 / 2 ( 0 % )                                   ;
; Device                             ; EP2C5T144C6                                     ;
; Timing Models                      ; Final                                           ;
+------------------------------------+-------------------------------------------------+


+-----------------------------------------+
; Flow Settings                           ;
+-------------------+---------------------+
; Option            ; Setting             ;
+-------------------+---------------------+
; Start date & time ; 10/01/2024 14:10:49 ;
; Main task         ; Compilation         ;
; Revision Name     ; circuito            ;
+-------------------+---------------------+


+----------------------------------------------------------------------------------------------------------------------+
; Flow Non-Default Global Settings                                                                                     ;
+-------------------------------------+---------------------------------+---------------+-------------+----------------+
; Assignment Name                     ; Value                           ; Default Value ; Entity Name ; Section Id     ;
+-------------------------------------+---------------------------------+---------------+-------------+----------------+
; COMPILER_SIGNATURE_ID               ; 106556709339125.172780264912312 ; --            ; --          ; --             ;
; EDA_GENERATE_FUNCTIONAL_NETLIST     ; On                              ; --            ; --          ; eda_simulation ;
; EDA_OUTPUT_DATA_FORMAT              ; Verilog Hdl                     ; --            ; --          ; eda_simulation ;
; EDA_SIMULATION_TOOL                 ; ModelSim-Altera (Verilog)       ; <None>        ; --          ; --             ;
; PARTITION_COLOR                     ; 16764057                        ; --            ; --          ; Top            ;
; PARTITION_FITTER_PRESERVATION_LEVEL ; PLACEMENT_AND_ROUTING           ; --            ; --          ; Top            ;
; PARTITION_NETLIST_TYPE              ; SOURCE                          ; --            ; --          ; Top            ;
; PROJECT_OUTPUT_DIRECTORY            ; output_files                    ; --            ; --          ; --             ;
+-------------------------------------+---------------------------------+---------------+-------------+----------------+


+-------------------------------------------------------------------------------------------------------------------------------+
; Flow Elapsed Time                                                                                                             ;
+---------------------------+--------------+-------------------------+---------------------+------------------------------------+
; Module Name               ; Elapsed Time ; Average Processors Used ; Peak Virtual Memory ; Total CPU Time (on all processors) ;
+---------------------------+--------------+-------------------------+---------------------+------------------------------------+
; Analysis & Synthesis      ; 00:00:02     ; 1.0                     ; 4629 MB             ; 00:00:02                           ;
; Fitter                    ; 00:00:03     ; 1.0                     ; 4794 MB             ; 00:00:02                           ;
; Assembler                 ; 00:00:01     ; 1.0                     ; 4552 MB             ; 00:00:01                           ;
; TimeQuest Timing Analyzer ; 00:00:00     ; 1.0                     ; 4534 MB             ; 00:00:01                           ;
; EDA Netlist Writer        ; 00:00:01     ; 1.0                     ; 4512 MB             ; 00:00:00                           ;
; EDA Netlist Writer        ; 00:00:00     ; 1.0                     ; 4508 MB             ; 00:00:00                           ;
; EDA Netlist Writer        ; 00:00:00     ; 1.0                     ; 4513 MB             ; 00:00:01                           ;
; EDA Netlist Writer        ; 00:00:01     ; 1.0                     ; 4508 MB             ; 00:00:00                           ;
; EDA Netlist Writer        ; 00:00:01     ; 1.0                     ; 4513 MB             ; 00:00:01                           ;
; Total                     ; 00:00:09     ; --                      ; --                  ; 00:00:08                           ;
+---------------------------+--------------+-------------------------+---------------------+------------------------------------+


+----------------------------------------------------------------------------------------+
; Flow OS Summary                                                                        ;
+---------------------------+------------------+-----------+------------+----------------+
; Module Name               ; Machine Hostname ; OS Name   ; OS Version ; Processor type ;
+---------------------------+------------------+-----------+------------+----------------+
; Analysis & Synthesis      ; Enio             ; Windows 7 ; 6.2        ; x86_64         ;
; Fitter                    ; Enio             ; Windows 7 ; 6.2        ; x86_64         ;
; Assembler                 ; Enio             ; Windows 7 ; 6.2        ; x86_64         ;
; TimeQuest Timing Analyzer ; Enio             ; Windows 7 ; 6.2        ; x86_64         ;
; EDA Netlist Writer        ; Enio             ; Windows 7 ; 6.2        ; x86_64         ;
; EDA Netlist Writer        ; Enio             ; Windows 7 ; 6.2        ; x86_64         ;
; EDA Netlist Writer        ; Enio             ; Windows 7 ; 6.2        ; x86_64         ;
; EDA Netlist Writer        ; Enio             ; Windows 7 ; 6.2        ; x86_64         ;
; EDA Netlist Writer        ; Enio             ; Windows 7 ; 6.2        ; x86_64         ;
+---------------------------+------------------+-----------+------------+----------------+


------------
; Flow Log ;
------------
quartus_map --read_settings_files=on --write_settings_files=off circuito -c circuito
quartus_fit --read_settings_files=off --write_settings_files=off circuito -c circuito
quartus_asm --read_settings_files=off --write_settings_files=off circuito -c circuito
quartus_sta circuito -c circuito
quartus_eda --read_settings_files=off --write_settings_files=off circuito -c circuito
quartus_eda --gen_testbench --check_outputs=on --tool=modelsim_oem --format=verilog circuito -c circuito --vector_source=C:/Users/enioa/Desktop/Aulas/aula_01_10/output_files/Waveform.vwf --testbench_file=./simulation/qsim/circuito.vt
quartus_eda --functional=on --simulation=on --tool=modelsim_oem --format=verilog circuito -c circuito
quartus_eda --gen_testbench --check_outputs=on --tool=modelsim_oem --format=verilog circuito -c circuito --vector_source=C:/Users/enioa/Desktop/Aulas/aula_01_10/output_files/Waveform.vwf --testbench_file=./simulation/qsim/circuito.vt
quartus_eda --functional=on --simulation=on --tool=modelsim_oem --format=verilog circuito -c circuito



